The target system is: Generic -  - ARM
The host system is: Linux - 4.15.0-140-generic - x86_64
Compiling the C compiler identification source file "CMakeCCompilerId.c" succeeded.
Compiler: /home/ed/gcc-arm-none-eabi/bin/arm-none-eabi-gcc 
Build flags: 
Id flags: -c 

The output was:
0


Compilation of the C compiler identification source "CMakeCCompilerId.c" produced "CMakeCCompilerId.o"

The C compiler identification is GNU, found in "/home/ed/f746pro/build/CMakeFiles/3.17.2/CompilerIdC/CMakeCCompilerId.o"

Compiling the CXX compiler identification source file "CMakeCXXCompilerId.cpp" succeeded.
Compiler: /home/ed/gcc-arm-none-eabi/bin/arm-none-eabi-g++ 
Build flags: 
Id flags: -c 

The output was:
0


Compilation of the CXX compiler identification source "CMakeCXXCompilerId.cpp" produced "CMakeCXXCompilerId.o"

The CXX compiler identification is GNU, found in "/home/ed/f746pro/build/CMakeFiles/3.17.2/CompilerIdCXX/CMakeCXXCompilerId.o"

Determining if the C compiler works passed with the following output:
Change Dir: /home/ed/f746pro/build/CMakeFiles/CMakeTmp

Run Build Command(s):/usr/bin/make cmTC_c2521/fast && /usr/bin/make  -f CMakeFiles/cmTC_c2521.dir/build.make CMakeFiles/cmTC_c2521.dir/build
make[1]: Entering directory '/home/ed/f746pro/build/CMakeFiles/CMakeTmp'
Building C object CMakeFiles/cmTC_c2521.dir/testCCompiler.c.obj
/home/ed/gcc-arm-none-eabi/bin/arm-none-eabi-gcc    -o CMakeFiles/cmTC_c2521.dir/testCCompiler.c.obj   -c /home/ed/f746pro/build/CMakeFiles/CMakeTmp/testCCompiler.c
Linking C static library libcmTC_c2521.a
/usr/local/bin/cmake -P CMakeFiles/cmTC_c2521.dir/cmake_clean_target.cmake
/usr/local/bin/cmake -E cmake_link_script CMakeFiles/cmTC_c2521.dir/link.txt --verbose=1
/home/ed/gcc-arm-none-eabi/bin/arm-none-eabi-ar qc libcmTC_c2521.a  CMakeFiles/cmTC_c2521.dir/testCCompiler.c.obj
/home/ed/gcc-arm-none-eabi/bin/arm-none-eabi-ranlib libcmTC_c2521.a
make[1]: Leaving directory '/home/ed/f746pro/build/CMakeFiles/CMakeTmp'



Detecting C compiler ABI info compiled with the following output:
Change Dir: /home/ed/f746pro/build/CMakeFiles/CMakeTmp

Run Build Command(s):/usr/bin/make cmTC_765c4/fast && /usr/bin/make  -f CMakeFiles/cmTC_765c4.dir/build.make CMakeFiles/cmTC_765c4.dir/build
make[1]: Entering directory '/home/ed/f746pro/build/CMakeFiles/CMakeTmp'
Building C object CMakeFiles/cmTC_765c4.dir/CMakeCCompilerABI.c.obj
/home/ed/gcc-arm-none-eabi/bin/arm-none-eabi-gcc   -v -o CMakeFiles/cmTC_765c4.dir/CMakeCCompilerABI.c.obj   -c /usr/local/share/cmake-3.17/Modules/CMakeCCompilerABI.c
Using built-in specs.
COLLECT_GCC=/home/ed/gcc-arm-none-eabi/bin/arm-none-eabi-gcc
Target: arm-none-eabi
Configured with: /mnt/workspace/workspace/GCC-10-pipeline/jenkins-GCC-10-pipeline-48_20201124_1606180641/src/gcc/configure --target=arm-none-eabi --prefix=/mnt/workspace/workspace/GCC-10-pipeline/jenkins-GCC-10-pipeline-48_20201124_1606180641/install-native --libexecdir=/mnt/workspace/workspace/GCC-10-pipeline/jenkins-GCC-10-pipeline-48_20201124_1606180641/install-native/lib --infodir=/mnt/workspace/workspace/GCC-10-pipeline/jenkins-GCC-10-pipeline-48_20201124_1606180641/install-native/share/doc/gcc-arm-none-eabi/info --mandir=/mnt/workspace/workspace/GCC-10-pipeline/jenkins-GCC-10-pipeline-48_20201124_1606180641/install-native/share/doc/gcc-arm-none-eabi/man --htmldir=/mnt/workspace/workspace/GCC-10-pipeline/jenkins-GCC-10-pipeline-48_20201124_1606180641/install-native/share/doc/gcc-arm-none-eabi/html --pdfdir=/mnt/workspace/workspace/GCC-10-pipeline/jenkins-GCC-10-pipeline-48_20201124_1606180641/install-native/share/doc/gcc-arm-none-eabi/pdf --enable-languages=c,c++ --enable-plugins --disable-decimal-float --disable-libffi --disable-libgomp --disable-libmudflap --disable-libquadmath --disable-libssp --disable-libstdcxx-pch --disable-nls --disable-shared --disable-threads --disable-tls --with-gnu-as --with-gnu-ld --with-newlib --with-headers=yes --with-python-dir=share/gcc-arm-none-eabi --with-sysroot=/mnt/workspace/workspace/GCC-10-pipeline/jenkins-GCC-10-pipeline-48_20201124_1606180641/install-native/arm-none-eabi --build=x86_64-linux-gnu --host=x86_64-linux-gnu --with-gmp=/mnt/workspace/workspace/GCC-10-pipeline/jenkins-GCC-10-pipeline-48_20201124_1606180641/build-native/host-libs/usr --with-mpfr=/mnt/workspace/workspace/GCC-10-pipeline/jenkins-GCC-10-pipeline-48_20201124_1606180641/build-native/host-libs/usr --with-mpc=/mnt/workspace/workspace/GCC-10-pipeline/jenkins-GCC-10-pipeline-48_20201124_1606180641/build-native/host-libs/usr --with-isl=/mnt/workspace/workspace/GCC-10-pipeline/jenkins-GCC-10-pipeline-48_20201124_1606180641/build-native/host-libs/usr --with-libelf=/mnt/workspace/workspace/GCC-10-pipeline/jenkins-GCC-10-pipeline-48_20201124_1606180641/build-native/host-libs/usr --with-host-libstdcxx='-static-libgcc -Wl,-Bstatic,-lstdc++,-Bdynamic -lm' --with-pkgversion='GNU Arm Embedded Toolchain 10-2020-q4-major' --with-multilib-list=rmprofile,aprofile
Thread model: single
Supported LTO compression algorithms: zlib
gcc version 10.2.1 20201103 (release) (GNU Arm Embedded Toolchain 10-2020-q4-major) 
COLLECT_GCC_OPTIONS='-v' '-o' 'CMakeFiles/cmTC_765c4.dir/CMakeCCompilerABI.c.obj' '-c' '-mcpu=arm7tdmi' '-mfloat-abi=soft' '-marm' '-march=armv4t'
 /home/ed/gcc-arm-none-eabi/bin/../lib/gcc/arm-none-eabi/10.2.1/cc1 -quiet -v -iprefix /home/ed/gcc-arm-none-eabi/bin/../lib/gcc/arm-none-eabi/10.2.1/ -isysroot /home/ed/gcc-arm-none-eabi/bin/../arm-none-eabi -D__USES_INITFINI__ /usr/local/share/cmake-3.17/Modules/CMakeCCompilerABI.c -quiet -dumpbase CMakeCCompilerABI.c -mcpu=arm7tdmi -mfloat-abi=soft -marm -march=armv4t -auxbase-strip CMakeFiles/cmTC_765c4.dir/CMakeCCompilerABI.c.obj -version -o /tmp/ccjGU9Ze.s
GNU C17 (GNU Arm Embedded Toolchain 10-2020-q4-major) version 10.2.1 20201103 (release) (arm-none-eabi)
	compiled by GNU C version 4.8.4, GMP version 6.1.0, MPFR version 3.1.4, MPC version 1.0.3, isl version isl-0.18-GMP

GGC heuristics: --param ggc-min-expand=100 --param ggc-min-heapsize=131072
ignoring duplicate directory "/home/ed/gcc-arm-none-eabi/bin/../lib/gcc/../../lib/gcc/arm-none-eabi/10.2.1/include"
ignoring nonexistent directory "/home/ed/gcc-arm-none-eabi/bin/../arm-none-eabi/usr/local/include"
ignoring duplicate directory "/home/ed/gcc-arm-none-eabi/bin/../lib/gcc/../../lib/gcc/arm-none-eabi/10.2.1/include-fixed"
ignoring duplicate directory "/home/ed/gcc-arm-none-eabi/bin/../lib/gcc/../../lib/gcc/arm-none-eabi/10.2.1/../../../../arm-none-eabi/include"
ignoring nonexistent directory "/home/ed/gcc-arm-none-eabi/bin/../arm-none-eabi/usr/include"
#include "..." search starts here:
#include <...> search starts here:
 /home/ed/gcc-arm-none-eabi/bin/../lib/gcc/arm-none-eabi/10.2.1/include
 /home/ed/gcc-arm-none-eabi/bin/../lib/gcc/arm-none-eabi/10.2.1/include-fixed
 /home/ed/gcc-arm-none-eabi/bin/../lib/gcc/arm-none-eabi/10.2.1/../../../../arm-none-eabi/include
End of search list.
GNU C17 (GNU Arm Embedded Toolchain 10-2020-q4-major) version 10.2.1 20201103 (release) (arm-none-eabi)
	compiled by GNU C version 4.8.4, GMP version 6.1.0, MPFR version 3.1.4, MPC version 1.0.3, isl version isl-0.18-GMP

GGC heuristics: --param ggc-min-expand=100 --param ggc-min-heapsize=131072
Compiler executable checksum: e9addb35ad3a920a846c18a834db924d
COLLECT_GCC_OPTIONS='-v' '-o' 'CMakeFiles/cmTC_765c4.dir/CMakeCCompilerABI.c.obj' '-c' '-mcpu=arm7tdmi' '-mfloat-abi=soft' '-marm' '-march=armv4t'
 /home/ed/gcc-arm-none-eabi/bin/../lib/gcc/arm-none-eabi/10.2.1/../../../../arm-none-eabi/bin/as -v -march=armv4t -mfloat-abi=soft -meabi=5 -o CMakeFiles/cmTC_765c4.dir/CMakeCCompilerABI.c.obj /tmp/ccjGU9Ze.s
GNU assembler version 2.35.1 (arm-none-eabi) using BFD version (GNU Arm Embedded Toolchain 10-2020-q4-major) 2.35.1.20201028
COMPILER_PATH=/home/ed/gcc-arm-none-eabi/bin/../lib/gcc/arm-none-eabi/10.2.1/:/home/ed/gcc-arm-none-eabi/bin/../lib/gcc/:/home/ed/gcc-arm-none-eabi/bin/../lib/gcc/arm-none-eabi/10.2.1/../../../../arm-none-eabi/bin/
LIBRARY_PATH=/home/ed/gcc-arm-none-eabi/bin/../lib/gcc/arm-none-eabi/10.2.1/:/home/ed/gcc-arm-none-eabi/bin/../lib/gcc/:/home/ed/gcc-arm-none-eabi/bin/../lib/gcc/arm-none-eabi/10.2.1/../../../../arm-none-eabi/lib/:/home/ed/gcc-arm-none-eabi/bin/../arm-none-eabi/lib/
COLLECT_GCC_OPTIONS='-v' '-o' 'CMakeFiles/cmTC_765c4.dir/CMakeCCompilerABI.c.obj' '-c' '-mcpu=arm7tdmi' '-mfloat-abi=soft' '-marm' '-march=armv4t'
Linking C static library libcmTC_765c4.a
/usr/local/bin/cmake -P CMakeFiles/cmTC_765c4.dir/cmake_clean_target.cmake
/usr/local/bin/cmake -E cmake_link_script CMakeFiles/cmTC_765c4.dir/link.txt --verbose=1
/home/ed/gcc-arm-none-eabi/bin/arm-none-eabi-ar qc libcmTC_765c4.a  CMakeFiles/cmTC_765c4.dir/CMakeCCompilerABI.c.obj
/home/ed/gcc-arm-none-eabi/bin/arm-none-eabi-ranlib libcmTC_765c4.a
make[1]: Leaving directory '/home/ed/f746pro/build/CMakeFiles/CMakeTmp'



Parsed C implicit include dir info from above output: rv=done
  found start of include info
  found start of implicit include info
    add: [/home/ed/gcc-arm-none-eabi/bin/../lib/gcc/arm-none-eabi/10.2.1/include]
    add: [/home/ed/gcc-arm-none-eabi/bin/../lib/gcc/arm-none-eabi/10.2.1/include-fixed]
    add: [/home/ed/gcc-arm-none-eabi/bin/../lib/gcc/arm-none-eabi/10.2.1/../../../../arm-none-eabi/include]
  end of search list found
  collapse include dir [/home/ed/gcc-arm-none-eabi/bin/../lib/gcc/arm-none-eabi/10.2.1/include] ==> [/home/ed/gcc-arm-none-eabi/lib/gcc/arm-none-eabi/10.2.1/include]
  collapse include dir [/home/ed/gcc-arm-none-eabi/bin/../lib/gcc/arm-none-eabi/10.2.1/include-fixed] ==> [/home/ed/gcc-arm-none-eabi/lib/gcc/arm-none-eabi/10.2.1/include-fixed]
  collapse include dir [/home/ed/gcc-arm-none-eabi/bin/../lib/gcc/arm-none-eabi/10.2.1/../../../../arm-none-eabi/include] ==> [/home/ed/gcc-arm-none-eabi/arm-none-eabi/include]
  implicit include dirs: [/home/ed/gcc-arm-none-eabi/lib/gcc/arm-none-eabi/10.2.1/include;/home/ed/gcc-arm-none-eabi/lib/gcc/arm-none-eabi/10.2.1/include-fixed;/home/ed/gcc-arm-none-eabi/arm-none-eabi/include]


Parsed C implicit link information from above output:
  link line regex: [^( *|.*[/\])(arm-none-eabi-ld|CMAKE_LINK_STARTFILE-NOTFOUND|([^/\]+-)?ld|collect2)[^/\]*( |$)]
  ignore line: [Change Dir: /home/ed/f746pro/build/CMakeFiles/CMakeTmp]
  ignore line: []
  ignore line: [Run Build Command(s):/usr/bin/make cmTC_765c4/fast && /usr/bin/make  -f CMakeFiles/cmTC_765c4.dir/build.make CMakeFiles/cmTC_765c4.dir/build]
  ignore line: [make[1]: Entering directory '/home/ed/f746pro/build/CMakeFiles/CMakeTmp']
  ignore line: [Building C object CMakeFiles/cmTC_765c4.dir/CMakeCCompilerABI.c.obj]
  ignore line: [/home/ed/gcc-arm-none-eabi/bin/arm-none-eabi-gcc   -v -o CMakeFiles/cmTC_765c4.dir/CMakeCCompilerABI.c.obj   -c /usr/local/share/cmake-3.17/Modules/CMakeCCompilerABI.c]
  ignore line: [Using built-in specs.]
  ignore line: [COLLECT_GCC=/home/ed/gcc-arm-none-eabi/bin/arm-none-eabi-gcc]
  ignore line: [Target: arm-none-eabi]
  ignore line: [Configured with: /mnt/workspace/workspace/GCC-10-pipeline/jenkins-GCC-10-pipeline-48_20201124_1606180641/src/gcc/configure --target=arm-none-eabi --prefix=/mnt/workspace/workspace/GCC-10-pipeline/jenkins-GCC-10-pipeline-48_20201124_1606180641/install-native --libexecdir=/mnt/workspace/workspace/GCC-10-pipeline/jenkins-GCC-10-pipeline-48_20201124_1606180641/install-native/lib --infodir=/mnt/workspace/workspace/GCC-10-pipeline/jenkins-GCC-10-pipeline-48_20201124_1606180641/install-native/share/doc/gcc-arm-none-eabi/info --mandir=/mnt/workspace/workspace/GCC-10-pipeline/jenkins-GCC-10-pipeline-48_20201124_1606180641/install-native/share/doc/gcc-arm-none-eabi/man --htmldir=/mnt/workspace/workspace/GCC-10-pipeline/jenkins-GCC-10-pipeline-48_20201124_1606180641/install-native/share/doc/gcc-arm-none-eabi/html --pdfdir=/mnt/workspace/workspace/GCC-10-pipeline/jenkins-GCC-10-pipeline-48_20201124_1606180641/install-native/share/doc/gcc-arm-none-eabi/pdf --enable-languages=c,c++ --enable-plugins --disable-decimal-float --disable-libffi --disable-libgomp --disable-libmudflap --disable-libquadmath --disable-libssp --disable-libstdcxx-pch --disable-nls --disable-shared --disable-threads --disable-tls --with-gnu-as --with-gnu-ld --with-newlib --with-headers=yes --with-python-dir=share/gcc-arm-none-eabi --with-sysroot=/mnt/workspace/workspace/GCC-10-pipeline/jenkins-GCC-10-pipeline-48_20201124_1606180641/install-native/arm-none-eabi --build=x86_64-linux-gnu --host=x86_64-linux-gnu --with-gmp=/mnt/workspace/workspace/GCC-10-pipeline/jenkins-GCC-10-pipeline-48_20201124_1606180641/build-native/host-libs/usr --with-mpfr=/mnt/workspace/workspace/GCC-10-pipeline/jenkins-GCC-10-pipeline-48_20201124_1606180641/build-native/host-libs/usr --with-mpc=/mnt/workspace/workspace/GCC-10-pipeline/jenkins-GCC-10-pipeline-48_20201124_1606180641/build-native/host-libs/usr --with-isl=/mnt/workspace/workspace/GCC-10-pipeline/jenkins-GCC-10-pipeline-48_20201124_1606180641/build-native/host-libs/usr --with-libelf=/mnt/workspace/workspace/GCC-10-pipeline/jenkins-GCC-10-pipeline-48_20201124_1606180641/build-native/host-libs/usr --with-host-libstdcxx='-static-libgcc -Wl,-Bstatic,-lstdc++,-Bdynamic -lm' --with-pkgversion='GNU Arm Embedded Toolchain 10-2020-q4-major' --with-multilib-list=rmprofile,aprofile]
  ignore line: [Thread model: single]
  ignore line: [Supported LTO compression algorithms: zlib]
  ignore line: [gcc version 10.2.1 20201103 (release) (GNU Arm Embedded Toolchain 10-2020-q4-major) ]
  ignore line: [COLLECT_GCC_OPTIONS='-v' '-o' 'CMakeFiles/cmTC_765c4.dir/CMakeCCompilerABI.c.obj' '-c' '-mcpu=arm7tdmi' '-mfloat-abi=soft' '-marm' '-march=armv4t']
  ignore line: [ /home/ed/gcc-arm-none-eabi/bin/../lib/gcc/arm-none-eabi/10.2.1/cc1 -quiet -v -iprefix /home/ed/gcc-arm-none-eabi/bin/../lib/gcc/arm-none-eabi/10.2.1/ -isysroot /home/ed/gcc-arm-none-eabi/bin/../arm-none-eabi -D__USES_INITFINI__ /usr/local/share/cmake-3.17/Modules/CMakeCCompilerABI.c -quiet -dumpbase CMakeCCompilerABI.c -mcpu=arm7tdmi -mfloat-abi=soft -marm -march=armv4t -auxbase-strip CMakeFiles/cmTC_765c4.dir/CMakeCCompilerABI.c.obj -version -o /tmp/ccjGU9Ze.s]
  ignore line: [GNU C17 (GNU Arm Embedded Toolchain 10-2020-q4-major) version 10.2.1 20201103 (release) (arm-none-eabi)]
  ignore line: [	compiled by GNU C version 4.8.4  GMP version 6.1.0  MPFR version 3.1.4  MPC version 1.0.3  isl version isl-0.18-GMP]
  ignore line: []
  ignore line: [GGC heuristics: --param ggc-min-expand=100 --param ggc-min-heapsize=131072]
  ignore line: [ignoring duplicate directory "/home/ed/gcc-arm-none-eabi/bin/../lib/gcc/../../lib/gcc/arm-none-eabi/10.2.1/include"]
  ignore line: [ignoring nonexistent directory "/home/ed/gcc-arm-none-eabi/bin/../arm-none-eabi/usr/local/include"]
  ignore line: [ignoring duplicate directory "/home/ed/gcc-arm-none-eabi/bin/../lib/gcc/../../lib/gcc/arm-none-eabi/10.2.1/include-fixed"]
  ignore line: [ignoring duplicate directory "/home/ed/gcc-arm-none-eabi/bin/../lib/gcc/../../lib/gcc/arm-none-eabi/10.2.1/../../../../arm-none-eabi/include"]
  ignore line: [ignoring nonexistent directory "/home/ed/gcc-arm-none-eabi/bin/../arm-none-eabi/usr/include"]
  ignore line: [#include "..." search starts here:]
  ignore line: [#include <...> search starts here:]
  ignore line: [ /home/ed/gcc-arm-none-eabi/bin/../lib/gcc/arm-none-eabi/10.2.1/include]
  ignore line: [ /home/ed/gcc-arm-none-eabi/bin/../lib/gcc/arm-none-eabi/10.2.1/include-fixed]
  ignore line: [ /home/ed/gcc-arm-none-eabi/bin/../lib/gcc/arm-none-eabi/10.2.1/../../../../arm-none-eabi/include]
  ignore line: [End of search list.]
  ignore line: [GNU C17 (GNU Arm Embedded Toolchain 10-2020-q4-major) version 10.2.1 20201103 (release) (arm-none-eabi)]
  ignore line: [	compiled by GNU C version 4.8.4  GMP version 6.1.0  MPFR version 3.1.4  MPC version 1.0.3  isl version isl-0.18-GMP]
  ignore line: []
  ignore line: [GGC heuristics: --param ggc-min-expand=100 --param ggc-min-heapsize=131072]
  ignore line: [Compiler executable checksum: e9addb35ad3a920a846c18a834db924d]
  ignore line: [COLLECT_GCC_OPTIONS='-v' '-o' 'CMakeFiles/cmTC_765c4.dir/CMakeCCompilerABI.c.obj' '-c' '-mcpu=arm7tdmi' '-mfloat-abi=soft' '-marm' '-march=armv4t']
  ignore line: [ /home/ed/gcc-arm-none-eabi/bin/../lib/gcc/arm-none-eabi/10.2.1/../../../../arm-none-eabi/bin/as -v -march=armv4t -mfloat-abi=soft -meabi=5 -o CMakeFiles/cmTC_765c4.dir/CMakeCCompilerABI.c.obj /tmp/ccjGU9Ze.s]
  ignore line: [GNU assembler version 2.35.1 (arm-none-eabi) using BFD version (GNU Arm Embedded Toolchain 10-2020-q4-major) 2.35.1.20201028]
  ignore line: [COMPILER_PATH=/home/ed/gcc-arm-none-eabi/bin/../lib/gcc/arm-none-eabi/10.2.1/:/home/ed/gcc-arm-none-eabi/bin/../lib/gcc/:/home/ed/gcc-arm-none-eabi/bin/../lib/gcc/arm-none-eabi/10.2.1/../../../../arm-none-eabi/bin/]
  ignore line: [LIBRARY_PATH=/home/ed/gcc-arm-none-eabi/bin/../lib/gcc/arm-none-eabi/10.2.1/:/home/ed/gcc-arm-none-eabi/bin/../lib/gcc/:/home/ed/gcc-arm-none-eabi/bin/../lib/gcc/arm-none-eabi/10.2.1/../../../../arm-none-eabi/lib/:/home/ed/gcc-arm-none-eabi/bin/../arm-none-eabi/lib/]
  ignore line: [COLLECT_GCC_OPTIONS='-v' '-o' 'CMakeFiles/cmTC_765c4.dir/CMakeCCompilerABI.c.obj' '-c' '-mcpu=arm7tdmi' '-mfloat-abi=soft' '-marm' '-march=armv4t']
  ignore line: [Linking C static library libcmTC_765c4.a]
  ignore line: [/usr/local/bin/cmake -P CMakeFiles/cmTC_765c4.dir/cmake_clean_target.cmake]
  ignore line: [/usr/local/bin/cmake -E cmake_link_script CMakeFiles/cmTC_765c4.dir/link.txt --verbose=1]
  ignore line: [/home/ed/gcc-arm-none-eabi/bin/arm-none-eabi-ar qc libcmTC_765c4.a  CMakeFiles/cmTC_765c4.dir/CMakeCCompilerABI.c.obj]
  ignore line: [/home/ed/gcc-arm-none-eabi/bin/arm-none-eabi-ranlib libcmTC_765c4.a]
  ignore line: [make[1]: Leaving directory '/home/ed/f746pro/build/CMakeFiles/CMakeTmp']
  ignore line: []
  ignore line: []
  implicit libs: []
  implicit dirs: []
  implicit fwks: []


Determining if the CXX compiler works passed with the following output:
Change Dir: /home/ed/f746pro/build/CMakeFiles/CMakeTmp

Run Build Command(s):/usr/bin/make cmTC_7bde7/fast && /usr/bin/make  -f CMakeFiles/cmTC_7bde7.dir/build.make CMakeFiles/cmTC_7bde7.dir/build
make[1]: Entering directory '/home/ed/f746pro/build/CMakeFiles/CMakeTmp'
Building CXX object CMakeFiles/cmTC_7bde7.dir/testCXXCompiler.cxx.obj
/home/ed/gcc-arm-none-eabi/bin/arm-none-eabi-g++     -o CMakeFiles/cmTC_7bde7.dir/testCXXCompiler.cxx.obj -c /home/ed/f746pro/build/CMakeFiles/CMakeTmp/testCXXCompiler.cxx
Linking CXX static library libcmTC_7bde7.a
/usr/local/bin/cmake -P CMakeFiles/cmTC_7bde7.dir/cmake_clean_target.cmake
/usr/local/bin/cmake -E cmake_link_script CMakeFiles/cmTC_7bde7.dir/link.txt --verbose=1
/home/ed/gcc-arm-none-eabi/bin/arm-none-eabi-ar qc libcmTC_7bde7.a  CMakeFiles/cmTC_7bde7.dir/testCXXCompiler.cxx.obj
/home/ed/gcc-arm-none-eabi/bin/arm-none-eabi-ranlib libcmTC_7bde7.a
make[1]: Leaving directory '/home/ed/f746pro/build/CMakeFiles/CMakeTmp'



Detecting CXX compiler ABI info compiled with the following output:
Change Dir: /home/ed/f746pro/build/CMakeFiles/CMakeTmp

Run Build Command(s):/usr/bin/make cmTC_68e9d/fast && /usr/bin/make  -f CMakeFiles/cmTC_68e9d.dir/build.make CMakeFiles/cmTC_68e9d.dir/build
make[1]: Entering directory '/home/ed/f746pro/build/CMakeFiles/CMakeTmp'
Building CXX object CMakeFiles/cmTC_68e9d.dir/CMakeCXXCompilerABI.cpp.obj
/home/ed/gcc-arm-none-eabi/bin/arm-none-eabi-g++    -v -o CMakeFiles/cmTC_68e9d.dir/CMakeCXXCompilerABI.cpp.obj -c /usr/local/share/cmake-3.17/Modules/CMakeCXXCompilerABI.cpp
Using built-in specs.
COLLECT_GCC=/home/ed/gcc-arm-none-eabi/bin/arm-none-eabi-g++
Target: arm-none-eabi
Configured with: /mnt/workspace/workspace/GCC-10-pipeline/jenkins-GCC-10-pipeline-48_20201124_1606180641/src/gcc/configure --target=arm-none-eabi --prefix=/mnt/workspace/workspace/GCC-10-pipeline/jenkins-GCC-10-pipeline-48_20201124_1606180641/install-native --libexecdir=/mnt/workspace/workspace/GCC-10-pipeline/jenkins-GCC-10-pipeline-48_20201124_1606180641/install-native/lib --infodir=/mnt/workspace/workspace/GCC-10-pipeline/jenkins-GCC-10-pipeline-48_20201124_1606180641/install-native/share/doc/gcc-arm-none-eabi/info --mandir=/mnt/workspace/workspace/GCC-10-pipeline/jenkins-GCC-10-pipeline-48_20201124_1606180641/install-native/share/doc/gcc-arm-none-eabi/man --htmldir=/mnt/workspace/workspace/GCC-10-pipeline/jenkins-GCC-10-pipeline-48_20201124_1606180641/install-native/share/doc/gcc-arm-none-eabi/html --pdfdir=/mnt/workspace/workspace/GCC-10-pipeline/jenkins-GCC-10-pipeline-48_20201124_1606180641/install-native/share/doc/gcc-arm-none-eabi/pdf --enable-languages=c,c++ --enable-plugins --disable-decimal-float --disable-libffi --disable-libgomp --disable-libmudflap --disable-libquadmath --disable-libssp --disable-libstdcxx-pch --disable-nls --disable-shared --disable-threads --disable-tls --with-gnu-as --with-gnu-ld --with-newlib --with-headers=yes --with-python-dir=share/gcc-arm-none-eabi --with-sysroot=/mnt/workspace/workspace/GCC-10-pipeline/jenkins-GCC-10-pipeline-48_20201124_1606180641/install-native/arm-none-eabi --build=x86_64-linux-gnu --host=x86_64-linux-gnu --with-gmp=/mnt/workspace/workspace/GCC-10-pipeline/jenkins-GCC-10-pipeline-48_20201124_1606180641/build-native/host-libs/usr --with-mpfr=/mnt/workspace/workspace/GCC-10-pipeline/jenkins-GCC-10-pipeline-48_20201124_1606180641/build-native/host-libs/usr --with-mpc=/mnt/workspace/workspace/GCC-10-pipeline/jenkins-GCC-10-pipeline-48_20201124_1606180641/build-native/host-libs/usr --with-isl=/mnt/workspace/workspace/GCC-10-pipeline/jenkins-GCC-10-pipeline-48_20201124_1606180641/build-native/host-libs/usr --with-libelf=/mnt/workspace/workspace/GCC-10-pipeline/jenkins-GCC-10-pipeline-48_20201124_1606180641/build-native/host-libs/usr --with-host-libstdcxx='-static-libgcc -Wl,-Bstatic,-lstdc++,-Bdynamic -lm' --with-pkgversion='GNU Arm Embedded Toolchain 10-2020-q4-major' --with-multilib-list=rmprofile,aprofile
Thread model: single
Supported LTO compression algorithms: zlib
gcc version 10.2.1 20201103 (release) (GNU Arm Embedded Toolchain 10-2020-q4-major) 
COLLECT_GCC_OPTIONS='-v' '-o' 'CMakeFiles/cmTC_68e9d.dir/CMakeCXXCompilerABI.cpp.obj' '-c' '-mcpu=arm7tdmi' '-mfloat-abi=soft' '-marm' '-march=armv4t'
 /home/ed/gcc-arm-none-eabi/bin/../lib/gcc/arm-none-eabi/10.2.1/cc1plus -quiet -v -iprefix /home/ed/gcc-arm-none-eabi/bin/../lib/gcc/arm-none-eabi/10.2.1/ -isysroot /home/ed/gcc-arm-none-eabi/bin/../arm-none-eabi -D__USES_INITFINI__ /usr/local/share/cmake-3.17/Modules/CMakeCXXCompilerABI.cpp -quiet -dumpbase CMakeCXXCompilerABI.cpp -mcpu=arm7tdmi -mfloat-abi=soft -marm -march=armv4t -auxbase-strip CMakeFiles/cmTC_68e9d.dir/CMakeCXXCompilerABI.cpp.obj -version -o /tmp/ccYFcBLj.s
GNU C++14 (GNU Arm Embedded Toolchain 10-2020-q4-major) version 10.2.1 20201103 (release) (arm-none-eabi)
	compiled by GNU C version 4.8.4, GMP version 6.1.0, MPFR version 3.1.4, MPC version 1.0.3, isl version isl-0.18-GMP

GGC heuristics: --param ggc-min-expand=100 --param ggc-min-heapsize=131072
ignoring duplicate directory "/home/ed/gcc-arm-none-eabi/bin/../lib/gcc/../../lib/gcc/arm-none-eabi/10.2.1/../../../../arm-none-eabi/include/c++/10.2.1"
ignoring duplicate directory "/home/ed/gcc-arm-none-eabi/bin/../lib/gcc/../../lib/gcc/arm-none-eabi/10.2.1/../../../../arm-none-eabi/include/c++/10.2.1/arm-none-eabi"
ignoring duplicate directory "/home/ed/gcc-arm-none-eabi/bin/../lib/gcc/../../lib/gcc/arm-none-eabi/10.2.1/../../../../arm-none-eabi/include/c++/10.2.1/backward"
ignoring duplicate directory "/home/ed/gcc-arm-none-eabi/bin/../lib/gcc/../../lib/gcc/arm-none-eabi/10.2.1/include"
ignoring nonexistent directory "/home/ed/gcc-arm-none-eabi/bin/../arm-none-eabi/usr/local/include"
ignoring duplicate directory "/home/ed/gcc-arm-none-eabi/bin/../lib/gcc/../../lib/gcc/arm-none-eabi/10.2.1/include-fixed"
ignoring duplicate directory "/home/ed/gcc-arm-none-eabi/bin/../lib/gcc/../../lib/gcc/arm-none-eabi/10.2.1/../../../../arm-none-eabi/include"
ignoring nonexistent directory "/home/ed/gcc-arm-none-eabi/bin/../arm-none-eabi/usr/include"
#include "..." search starts here:
#include <...> search starts here:
 /home/ed/gcc-arm-none-eabi/bin/../lib/gcc/arm-none-eabi/10.2.1/../../../../arm-none-eabi/include/c++/10.2.1
 /home/ed/gcc-arm-none-eabi/bin/../lib/gcc/arm-none-eabi/10.2.1/../../../../arm-none-eabi/include/c++/10.2.1/arm-none-eabi
 /home/ed/gcc-arm-none-eabi/bin/../lib/gcc/arm-none-eabi/10.2.1/../../../../arm-none-eabi/include/c++/10.2.1/backward
 /home/ed/gcc-arm-none-eabi/bin/../lib/gcc/arm-none-eabi/10.2.1/include
 /home/ed/gcc-arm-none-eabi/bin/../lib/gcc/arm-none-eabi/10.2.1/include-fixed
 /home/ed/gcc-arm-none-eabi/bin/../lib/gcc/arm-none-eabi/10.2.1/../../../../arm-none-eabi/include
End of search list.
GNU C++14 (GNU Arm Embedded Toolchain 10-2020-q4-major) version 10.2.1 20201103 (release) (arm-none-eabi)
	compiled by GNU C version 4.8.4, GMP version 6.1.0, MPFR version 3.1.4, MPC version 1.0.3, isl version isl-0.18-GMP

GGC heuristics: --param ggc-min-expand=100 --param ggc-min-heapsize=131072
Compiler executable checksum: effb756e1d805224f46b940f18552208
COLLECT_GCC_OPTIONS='-v' '-o' 'CMakeFiles/cmTC_68e9d.dir/CMakeCXXCompilerABI.cpp.obj' '-c' '-mcpu=arm7tdmi' '-mfloat-abi=soft' '-marm' '-march=armv4t'
 /home/ed/gcc-arm-none-eabi/bin/../lib/gcc/arm-none-eabi/10.2.1/../../../../arm-none-eabi/bin/as -v -march=armv4t -mfloat-abi=soft -meabi=5 -o CMakeFiles/cmTC_68e9d.dir/CMakeCXXCompilerABI.cpp.obj /tmp/ccYFcBLj.s
GNU assembler version 2.35.1 (arm-none-eabi) using BFD version (GNU Arm Embedded Toolchain 10-2020-q4-major) 2.35.1.20201028
COMPILER_PATH=/home/ed/gcc-arm-none-eabi/bin/../lib/gcc/arm-none-eabi/10.2.1/:/home/ed/gcc-arm-none-eabi/bin/../lib/gcc/:/home/ed/gcc-arm-none-eabi/bin/../lib/gcc/arm-none-eabi/10.2.1/../../../../arm-none-eabi/bin/
LIBRARY_PATH=/home/ed/gcc-arm-none-eabi/bin/../lib/gcc/arm-none-eabi/10.2.1/:/home/ed/gcc-arm-none-eabi/bin/../lib/gcc/:/home/ed/gcc-arm-none-eabi/bin/../lib/gcc/arm-none-eabi/10.2.1/../../../../arm-none-eabi/lib/:/home/ed/gcc-arm-none-eabi/bin/../arm-none-eabi/lib/
COLLECT_GCC_OPTIONS='-v' '-o' 'CMakeFiles/cmTC_68e9d.dir/CMakeCXXCompilerABI.cpp.obj' '-c' '-mcpu=arm7tdmi' '-mfloat-abi=soft' '-marm' '-march=armv4t'
Linking CXX static library libcmTC_68e9d.a
/usr/local/bin/cmake -P CMakeFiles/cmTC_68e9d.dir/cmake_clean_target.cmake
/usr/local/bin/cmake -E cmake_link_script CMakeFiles/cmTC_68e9d.dir/link.txt --verbose=1
/home/ed/gcc-arm-none-eabi/bin/arm-none-eabi-ar qc libcmTC_68e9d.a  CMakeFiles/cmTC_68e9d.dir/CMakeCXXCompilerABI.cpp.obj
/home/ed/gcc-arm-none-eabi/bin/arm-none-eabi-ranlib libcmTC_68e9d.a
make[1]: Leaving directory '/home/ed/f746pro/build/CMakeFiles/CMakeTmp'



Parsed CXX implicit include dir info from above output: rv=done
  found start of include info
  found start of implicit include info
    add: [/home/ed/gcc-arm-none-eabi/bin/../lib/gcc/arm-none-eabi/10.2.1/../../../../arm-none-eabi/include/c++/10.2.1]
    add: [/home/ed/gcc-arm-none-eabi/bin/../lib/gcc/arm-none-eabi/10.2.1/../../../../arm-none-eabi/include/c++/10.2.1/arm-none-eabi]
    add: [/home/ed/gcc-arm-none-eabi/bin/../lib/gcc/arm-none-eabi/10.2.1/../../../../arm-none-eabi/include/c++/10.2.1/backward]
    add: [/home/ed/gcc-arm-none-eabi/bin/../lib/gcc/arm-none-eabi/10.2.1/include]
    add: [/home/ed/gcc-arm-none-eabi/bin/../lib/gcc/arm-none-eabi/10.2.1/include-fixed]
    add: [/home/ed/gcc-arm-none-eabi/bin/../lib/gcc/arm-none-eabi/10.2.1/../../../../arm-none-eabi/include]
  end of search list found
  collapse include dir [/home/ed/gcc-arm-none-eabi/bin/../lib/gcc/arm-none-eabi/10.2.1/../../../../arm-none-eabi/include/c++/10.2.1] ==> [/home/ed/gcc-arm-none-eabi/arm-none-eabi/include/c++/10.2.1]
  collapse include dir [/home/ed/gcc-arm-none-eabi/bin/../lib/gcc/arm-none-eabi/10.2.1/../../../../arm-none-eabi/include/c++/10.2.1/arm-none-eabi] ==> [/home/ed/gcc-arm-none-eabi/arm-none-eabi/include/c++/10.2.1/arm-none-eabi]
  collapse include dir [/home/ed/gcc-arm-none-eabi/bin/../lib/gcc/arm-none-eabi/10.2.1/../../../../arm-none-eabi/include/c++/10.2.1/backward] ==> [/home/ed/gcc-arm-none-eabi/arm-none-eabi/include/c++/10.2.1/backward]
  collapse include dir [/home/ed/gcc-arm-none-eabi/bin/../lib/gcc/arm-none-eabi/10.2.1/include] ==> [/home/ed/gcc-arm-none-eabi/lib/gcc/arm-none-eabi/10.2.1/include]
  collapse include dir [/home/ed/gcc-arm-none-eabi/bin/../lib/gcc/arm-none-eabi/10.2.1/include-fixed] ==> [/home/ed/gcc-arm-none-eabi/lib/gcc/arm-none-eabi/10.2.1/include-fixed]
  collapse include dir [/home/ed/gcc-arm-none-eabi/bin/../lib/gcc/arm-none-eabi/10.2.1/../../../../arm-none-eabi/include] ==> [/home/ed/gcc-arm-none-eabi/arm-none-eabi/include]
  implicit include dirs: [/home/ed/gcc-arm-none-eabi/arm-none-eabi/include/c++/10.2.1;/home/ed/gcc-arm-none-eabi/arm-none-eabi/include/c++/10.2.1/arm-none-eabi;/home/ed/gcc-arm-none-eabi/arm-none-eabi/include/c++/10.2.1/backward;/home/ed/gcc-arm-none-eabi/lib/gcc/arm-none-eabi/10.2.1/include;/home/ed/gcc-arm-none-eabi/lib/gcc/arm-none-eabi/10.2.1/include-fixed;/home/ed/gcc-arm-none-eabi/arm-none-eabi/include]


Parsed CXX implicit link information from above output:
  link line regex: [^( *|.*[/\])(arm-none-eabi-ld|CMAKE_LINK_STARTFILE-NOTFOUND|([^/\]+-)?ld|collect2)[^/\]*( |$)]
  ignore line: [Change Dir: /home/ed/f746pro/build/CMakeFiles/CMakeTmp]
  ignore line: []
  ignore line: [Run Build Command(s):/usr/bin/make cmTC_68e9d/fast && /usr/bin/make  -f CMakeFiles/cmTC_68e9d.dir/build.make CMakeFiles/cmTC_68e9d.dir/build]
  ignore line: [make[1]: Entering directory '/home/ed/f746pro/build/CMakeFiles/CMakeTmp']
  ignore line: [Building CXX object CMakeFiles/cmTC_68e9d.dir/CMakeCXXCompilerABI.cpp.obj]
  ignore line: [/home/ed/gcc-arm-none-eabi/bin/arm-none-eabi-g++    -v -o CMakeFiles/cmTC_68e9d.dir/CMakeCXXCompilerABI.cpp.obj -c /usr/local/share/cmake-3.17/Modules/CMakeCXXCompilerABI.cpp]
  ignore line: [Using built-in specs.]
  ignore line: [COLLECT_GCC=/home/ed/gcc-arm-none-eabi/bin/arm-none-eabi-g++]
  ignore line: [Target: arm-none-eabi]
  ignore line: [Configured with: /mnt/workspace/workspace/GCC-10-pipeline/jenkins-GCC-10-pipeline-48_20201124_1606180641/src/gcc/configure --target=arm-none-eabi --prefix=/mnt/workspace/workspace/GCC-10-pipeline/jenkins-GCC-10-pipeline-48_20201124_1606180641/install-native --libexecdir=/mnt/workspace/workspace/GCC-10-pipeline/jenkins-GCC-10-pipeline-48_20201124_1606180641/install-native/lib --infodir=/mnt/workspace/workspace/GCC-10-pipeline/jenkins-GCC-10-pipeline-48_20201124_1606180641/install-native/share/doc/gcc-arm-none-eabi/info --mandir=/mnt/workspace/workspace/GCC-10-pipeline/jenkins-GCC-10-pipeline-48_20201124_1606180641/install-native/share/doc/gcc-arm-none-eabi/man --htmldir=/mnt/workspace/workspace/GCC-10-pipeline/jenkins-GCC-10-pipeline-48_20201124_1606180641/install-native/share/doc/gcc-arm-none-eabi/html --pdfdir=/mnt/workspace/workspace/GCC-10-pipeline/jenkins-GCC-10-pipeline-48_20201124_1606180641/install-native/share/doc/gcc-arm-none-eabi/pdf --enable-languages=c,c++ --enable-plugins --disable-decimal-float --disable-libffi --disable-libgomp --disable-libmudflap --disable-libquadmath --disable-libssp --disable-libstdcxx-pch --disable-nls --disable-shared --disable-threads --disable-tls --with-gnu-as --with-gnu-ld --with-newlib --with-headers=yes --with-python-dir=share/gcc-arm-none-eabi --with-sysroot=/mnt/workspace/workspace/GCC-10-pipeline/jenkins-GCC-10-pipeline-48_20201124_1606180641/install-native/arm-none-eabi --build=x86_64-linux-gnu --host=x86_64-linux-gnu --with-gmp=/mnt/workspace/workspace/GCC-10-pipeline/jenkins-GCC-10-pipeline-48_20201124_1606180641/build-native/host-libs/usr --with-mpfr=/mnt/workspace/workspace/GCC-10-pipeline/jenkins-GCC-10-pipeline-48_20201124_1606180641/build-native/host-libs/usr --with-mpc=/mnt/workspace/workspace/GCC-10-pipeline/jenkins-GCC-10-pipeline-48_20201124_1606180641/build-native/host-libs/usr --with-isl=/mnt/workspace/workspace/GCC-10-pipeline/jenkins-GCC-10-pipeline-48_20201124_1606180641/build-native/host-libs/usr --with-libelf=/mnt/workspace/workspace/GCC-10-pipeline/jenkins-GCC-10-pipeline-48_20201124_1606180641/build-native/host-libs/usr --with-host-libstdcxx='-static-libgcc -Wl,-Bstatic,-lstdc++,-Bdynamic -lm' --with-pkgversion='GNU Arm Embedded Toolchain 10-2020-q4-major' --with-multilib-list=rmprofile,aprofile]
  ignore line: [Thread model: single]
  ignore line: [Supported LTO compression algorithms: zlib]
  ignore line: [gcc version 10.2.1 20201103 (release) (GNU Arm Embedded Toolchain 10-2020-q4-major) ]
  ignore line: [COLLECT_GCC_OPTIONS='-v' '-o' 'CMakeFiles/cmTC_68e9d.dir/CMakeCXXCompilerABI.cpp.obj' '-c' '-mcpu=arm7tdmi' '-mfloat-abi=soft' '-marm' '-march=armv4t']
  ignore line: [ /home/ed/gcc-arm-none-eabi/bin/../lib/gcc/arm-none-eabi/10.2.1/cc1plus -quiet -v -iprefix /home/ed/gcc-arm-none-eabi/bin/../lib/gcc/arm-none-eabi/10.2.1/ -isysroot /home/ed/gcc-arm-none-eabi/bin/../arm-none-eabi -D__USES_INITFINI__ /usr/local/share/cmake-3.17/Modules/CMakeCXXCompilerABI.cpp -quiet -dumpbase CMakeCXXCompilerABI.cpp -mcpu=arm7tdmi -mfloat-abi=soft -marm -march=armv4t -auxbase-strip CMakeFiles/cmTC_68e9d.dir/CMakeCXXCompilerABI.cpp.obj -version -o /tmp/ccYFcBLj.s]
  ignore line: [GNU C++14 (GNU Arm Embedded Toolchain 10-2020-q4-major) version 10.2.1 20201103 (release) (arm-none-eabi)]
  ignore line: [	compiled by GNU C version 4.8.4  GMP version 6.1.0  MPFR version 3.1.4  MPC version 1.0.3  isl version isl-0.18-GMP]
  ignore line: []
  ignore line: [GGC heuristics: --param ggc-min-expand=100 --param ggc-min-heapsize=131072]
  ignore line: [ignoring duplicate directory "/home/ed/gcc-arm-none-eabi/bin/../lib/gcc/../../lib/gcc/arm-none-eabi/10.2.1/../../../../arm-none-eabi/include/c++/10.2.1"]
  ignore line: [ignoring duplicate directory "/home/ed/gcc-arm-none-eabi/bin/../lib/gcc/../../lib/gcc/arm-none-eabi/10.2.1/../../../../arm-none-eabi/include/c++/10.2.1/arm-none-eabi"]
  ignore line: [ignoring duplicate directory "/home/ed/gcc-arm-none-eabi/bin/../lib/gcc/../../lib/gcc/arm-none-eabi/10.2.1/../../../../arm-none-eabi/include/c++/10.2.1/backward"]
  ignore line: [ignoring duplicate directory "/home/ed/gcc-arm-none-eabi/bin/../lib/gcc/../../lib/gcc/arm-none-eabi/10.2.1/include"]
  ignore line: [ignoring nonexistent directory "/home/ed/gcc-arm-none-eabi/bin/../arm-none-eabi/usr/local/include"]
  ignore line: [ignoring duplicate directory "/home/ed/gcc-arm-none-eabi/bin/../lib/gcc/../../lib/gcc/arm-none-eabi/10.2.1/include-fixed"]
  ignore line: [ignoring duplicate directory "/home/ed/gcc-arm-none-eabi/bin/../lib/gcc/../../lib/gcc/arm-none-eabi/10.2.1/../../../../arm-none-eabi/include"]
  ignore line: [ignoring nonexistent directory "/home/ed/gcc-arm-none-eabi/bin/../arm-none-eabi/usr/include"]
  ignore line: [#include "..." search starts here:]
  ignore line: [#include <...> search starts here:]
  ignore line: [ /home/ed/gcc-arm-none-eabi/bin/../lib/gcc/arm-none-eabi/10.2.1/../../../../arm-none-eabi/include/c++/10.2.1]
  ignore line: [ /home/ed/gcc-arm-none-eabi/bin/../lib/gcc/arm-none-eabi/10.2.1/../../../../arm-none-eabi/include/c++/10.2.1/arm-none-eabi]
  ignore line: [ /home/ed/gcc-arm-none-eabi/bin/../lib/gcc/arm-none-eabi/10.2.1/../../../../arm-none-eabi/include/c++/10.2.1/backward]
  ignore line: [ /home/ed/gcc-arm-none-eabi/bin/../lib/gcc/arm-none-eabi/10.2.1/include]
  ignore line: [ /home/ed/gcc-arm-none-eabi/bin/../lib/gcc/arm-none-eabi/10.2.1/include-fixed]
  ignore line: [ /home/ed/gcc-arm-none-eabi/bin/../lib/gcc/arm-none-eabi/10.2.1/../../../../arm-none-eabi/include]
  ignore line: [End of search list.]
  ignore line: [GNU C++14 (GNU Arm Embedded Toolchain 10-2020-q4-major) version 10.2.1 20201103 (release) (arm-none-eabi)]
  ignore line: [	compiled by GNU C version 4.8.4  GMP version 6.1.0  MPFR version 3.1.4  MPC version 1.0.3  isl version isl-0.18-GMP]
  ignore line: []
  ignore line: [GGC heuristics: --param ggc-min-expand=100 --param ggc-min-heapsize=131072]
  ignore line: [Compiler executable checksum: effb756e1d805224f46b940f18552208]
  ignore line: [COLLECT_GCC_OPTIONS='-v' '-o' 'CMakeFiles/cmTC_68e9d.dir/CMakeCXXCompilerABI.cpp.obj' '-c' '-mcpu=arm7tdmi' '-mfloat-abi=soft' '-marm' '-march=armv4t']
  ignore line: [ /home/ed/gcc-arm-none-eabi/bin/../lib/gcc/arm-none-eabi/10.2.1/../../../../arm-none-eabi/bin/as -v -march=armv4t -mfloat-abi=soft -meabi=5 -o CMakeFiles/cmTC_68e9d.dir/CMakeCXXCompilerABI.cpp.obj /tmp/ccYFcBLj.s]
  ignore line: [GNU assembler version 2.35.1 (arm-none-eabi) using BFD version (GNU Arm Embedded Toolchain 10-2020-q4-major) 2.35.1.20201028]
  ignore line: [COMPILER_PATH=/home/ed/gcc-arm-none-eabi/bin/../lib/gcc/arm-none-eabi/10.2.1/:/home/ed/gcc-arm-none-eabi/bin/../lib/gcc/:/home/ed/gcc-arm-none-eabi/bin/../lib/gcc/arm-none-eabi/10.2.1/../../../../arm-none-eabi/bin/]
  ignore line: [LIBRARY_PATH=/home/ed/gcc-arm-none-eabi/bin/../lib/gcc/arm-none-eabi/10.2.1/:/home/ed/gcc-arm-none-eabi/bin/../lib/gcc/:/home/ed/gcc-arm-none-eabi/bin/../lib/gcc/arm-none-eabi/10.2.1/../../../../arm-none-eabi/lib/:/home/ed/gcc-arm-none-eabi/bin/../arm-none-eabi/lib/]
  ignore line: [COLLECT_GCC_OPTIONS='-v' '-o' 'CMakeFiles/cmTC_68e9d.dir/CMakeCXXCompilerABI.cpp.obj' '-c' '-mcpu=arm7tdmi' '-mfloat-abi=soft' '-marm' '-march=armv4t']
  ignore line: [Linking CXX static library libcmTC_68e9d.a]
  ignore line: [/usr/local/bin/cmake -P CMakeFiles/cmTC_68e9d.dir/cmake_clean_target.cmake]
  ignore line: [/usr/local/bin/cmake -E cmake_link_script CMakeFiles/cmTC_68e9d.dir/link.txt --verbose=1]
  ignore line: [/home/ed/gcc-arm-none-eabi/bin/arm-none-eabi-ar qc libcmTC_68e9d.a  CMakeFiles/cmTC_68e9d.dir/CMakeCXXCompilerABI.cpp.obj]
  ignore line: [/home/ed/gcc-arm-none-eabi/bin/arm-none-eabi-ranlib libcmTC_68e9d.a]
  ignore line: [make[1]: Leaving directory '/home/ed/f746pro/build/CMakeFiles/CMakeTmp']
  ignore line: []
  ignore line: []
  implicit libs: []
  implicit dirs: []
  implicit fwks: []


Checking whether the ASM compiler is GNU using "--version" matched "(GNU assembler)|(GCC)|(Free Software Foundation)":
arm-none-eabi-gcc (GNU Arm Embedded Toolchain 10-2020-q4-major) 10.2.1 20201103 (release)
Copyright (C) 2020 Free Software Foundation, Inc.
This is free software; see the source for copying conditions.  There is NO
warranty; not even for MERCHANTABILITY or FITNESS FOR A PARTICULAR PURPOSE.

